<?xml version="1.0" encoding="UTF-8"?>
<!-- Generated by org.testng.reporters.JUnitXMLReporter -->
<testsuite ignored="0" hostname="DESKTOP-LKBNHTU" failures="0" tests="2" name="Error Validation" time="9.496" errors="0" timestamp="2026-02-18T02:09:55 IST">
  <testcase classname="Nifasath.Tests.ErrorValidationsTest" name="LoginErrorValidation" time="0.935"/>
  <testcase classname="Nifasath.Tests.ErrorValidationsTest" name="ProductErrorValidation" time="2.872"/>
</testsuite> <!-- Error Validation -->
