<?xml version="1.0" encoding="UTF-8"?>
<!-- Generated by org.testng.reporters.JUnitXMLReporter -->
<testsuite ignored="0" hostname="DESKTOP-LKBNHTU" failures="0" tests="3" name="Submit Order" time="19.304" errors="0" timestamp="2026-02-18T02:10:04 IST">
  <testcase classname="Nifasath.Tests.StandAloneTest" name="StandAloneTest" time="4.588"/>
  <testcase classname="Nifasath.Tests.StandAloneTest" name="StandAloneTest" time="4.236"/>
  <testcase classname="Nifasath.Tests.StandAloneTest" name="OrderHistoryTest" time="1.565"/>
</testsuite> <!-- Submit Order -->
