<?xml version="1.0" encoding="UTF-8"?>
<!-- Generated by org.testng.reporters.JUnitXMLReporter -->
<testsuite ignored="0" hostname="DESKTOP-LKBNHTU" failures="0" tests="2" name="Error Validation" time="19.293" errors="0" timestamp="2026-02-21T11:37:45 IST">
  <testcase classname="Nifasath.Tests.ErrorValidationsTest" name="LoginErrorValidation" time="1.512"/>
  <testcase classname="Nifasath.Tests.ErrorValidationsTest" name="ProductErrorValidation" time="3.347"/>
</testsuite> <!-- Error Validation -->
