<?xml version="1.0" encoding="UTF-8"?>
<!-- Generated by org.testng.reporters.JUnitXMLReporter -->
<testsuite ignored="0" hostname="DESKTOP-LKBNHTU" failures="0" tests="3" name="Submit Order" time="27.386" errors="0" timestamp="2026-02-21T11:37:53 IST">
  <testcase classname="Nifasath.Tests.StandAloneTest" name="StandAloneTest" time="4.764"/>
  <testcase classname="Nifasath.Tests.StandAloneTest" name="StandAloneTest" time="5.058"/>
  <testcase classname="Nifasath.Tests.StandAloneTest" name="OrderHistoryTest" time="1.527"/>
</testsuite> <!-- Submit Order -->
