<?xml version="1.0" encoding="UTF-8"?>
<!-- Generated by org.testng.reporters.JUnitReportReporter -->
<testsuite hostname="DESKTOP-LKBNHTU" failures="0" tests="4" name="Cucumber.TestNGTestRunner" time="54.578" errors="0" timestamp="2026-02-19T20:33:07 IST" skipped="0">
  <testcase classname="Cucumber.TestNGTestRunner" name="runScenario" time="12.914"/>
  <testcase classname="Cucumber.TestNGTestRunner" name="runScenario" time="12.996"/>
  <testcase classname="Cucumber.TestNGTestRunner" name="runScenario" time="11.280"/>
  <testcase classname="Cucumber.TestNGTestRunner" name="runScenario" time="17.388"/>
</testsuite> <!-- Cucumber.TestNGTestRunner -->
