<?xml version="1.0" encoding="UTF-8"?>
<!-- Generated by org.testng.reporters.JUnitReportReporter -->
<testsuite hostname="DESKTOP-LKBNHTU" failures="0" tests="2" name="Nifasath.Tests.ErrorValidationsTest" time="9.457" errors="0" timestamp="2026-02-18T02:10:04 IST" skipped="0">
  <testcase classname="Nifasath.Tests.ErrorValidationsTest" name="ProductErrorValidation" time="5.676"/>
  <testcase classname="Nifasath.Tests.ErrorValidationsTest" name="LoginErrorValidation" time="3.781"/>
</testsuite> <!-- Nifasath.Tests.ErrorValidationsTest -->
