<?xml version="1.0" encoding="UTF-8"?>
<!-- Generated by org.testng.reporters.JUnitReportReporter -->
<testsuite hostname="DESKTOP-LKBNHTU" failures="0" tests="3" name="Nifasath.Tests.StandAloneTest" time="19.094" errors="0" timestamp="2026-02-18T02:10:04 IST" skipped="0">
  <testcase classname="Nifasath.Tests.StandAloneTest" name="OrderHistoryTest" time="5.058"/>
  <testcase classname="Nifasath.Tests.StandAloneTest" name="StandAloneTest" time="6.733"/>
  <testcase classname="Nifasath.Tests.StandAloneTest" name="StandAloneTest" time="7.303"/>
</testsuite> <!-- Nifasath.Tests.StandAloneTest -->
