<?xml version="1.0" encoding="UTF-8"?>
<!-- Generated by org.testng.reporters.JUnitReportReporter -->
<testsuite hostname="DESKTOP-LKBNHTU" failures="0" tests="3" name="Nifasath.Tests.StandAloneTest" time="27.109" errors="0" timestamp="2026-02-21T11:37:53 IST" skipped="0">
  <testcase classname="Nifasath.Tests.StandAloneTest" name="OrderHistoryTest" time="7.194"/>
  <testcase classname="Nifasath.Tests.StandAloneTest" name="StandAloneTest" time="7.548"/>
  <testcase classname="Nifasath.Tests.StandAloneTest" name="StandAloneTest" time="12.367"/>
</testsuite> <!-- Nifasath.Tests.StandAloneTest -->
