<?xml version="1.0" encoding="UTF-8"?>
<!-- Generated by org.testng.reporters.JUnitReportReporter -->
<testsuite hostname="DESKTOP-LKBNHTU" failures="0" tests="2" name="Nifasath.Tests.ErrorValidationsTest" time="19.238" errors="0" timestamp="2026-02-21T11:37:53 IST" skipped="0">
  <testcase classname="Nifasath.Tests.ErrorValidationsTest" name="ProductErrorValidation" time="11.814"/>
  <testcase classname="Nifasath.Tests.ErrorValidationsTest" name="LoginErrorValidation" time="7.424"/>
</testsuite> <!-- Nifasath.Tests.ErrorValidationsTest -->
